<?xml version="1.0" encoding="UTF-8"?>
<!-- Generated by org.testng.reporters.JUnitReportReporter -->
<testsuite skipped="1" hostname="DESKTOP-DHUQFVO" name="test.TestNG_Demo" tests="1" failures="0" timestamp="18 Feb 2020 20:08:53 GMT" time="0.000" errors="0">
  <testcase name="googleSearch" time="0.000" classname="test.TestNG_Demo">
    <skipped/>
  </testcase> <!-- googleSearch -->
</testsuite> <!-- test.TestNG_Demo -->
