<?xml version="1.0" encoding="UTF-8"?>
<!-- Generated by org.testng.reporters.JUnitReportReporter -->
<testsuite skipped="1" hostname="DESKTOP-DHUQFVO" name="demo.Test1" tests="1" failures="0" timestamp="18 Feb 2020 20:08:53 GMT" time="0.000" errors="0">
  <testcase name="test1" time="0.000" classname="demo.Test1">
    <skipped/>
  </testcase> <!-- test1 -->
</testsuite> <!-- demo.Test1 -->
