<?xml version="1.0" encoding="UTF-8"?>
<!-- Generated by org.testng.reporters.JUnitReportReporter -->
<testsuite skipped="2" hostname="DESKTOP-DHUQFVO" name="test.TestNG_Demo2" tests="2" failures="0" timestamp="18 Feb 2020 20:08:53 GMT" time="0.000" errors="0">
  <testcase name="googleSearch3" time="0.000" classname="test.TestNG_Demo2">
    <skipped/>
  </testcase> <!-- googleSearch3 -->
  <testcase name="googleSearch2" time="0.000" classname="test.TestNG_Demo2">
    <skipped/>
  </testcase> <!-- googleSearch2 -->
</testsuite> <!-- test.TestNG_Demo2 -->
