<?xml version="1.0" encoding="UTF-8"?>
<!-- Generated by org.testng.reporters.JUnitReportReporter -->
<testsuite skipped="3" hostname="DESKTOP-DHUQFVO" name="listeners.TestNGListenerDemo2" tests="3" failures="0" timestamp="18 Feb 2020 20:08:53 GMT" time="0.000" errors="0">
  <testcase name="test4" time="0.000" classname="listeners.TestNGListenerDemo2">
    <skipped/>
  </testcase> <!-- test4 -->
  <testcase name="test6" time="0.000" classname="listeners.TestNGListenerDemo2">
    <skipped/>
  </testcase> <!-- test6 -->
  <testcase name="test5" time="0.000" classname="listeners.TestNGListenerDemo2">
    <skipped/>
  </testcase> <!-- test5 -->
</testsuite> <!-- listeners.TestNGListenerDemo2 -->
