<?xml version="1.0" encoding="UTF-8"?>
<!-- Generated by org.testng.reporters.JUnitReportReporter -->
<testsuite skipped="3" hostname="DESKTOP-DHUQFVO" name="demo.TestNGDependencyDemo" tests="3" failures="0" timestamp="18 Feb 2020 20:08:53 GMT" time="0.000" errors="0">
  <testcase name="test3" time="0.000" classname="demo.TestNGDependencyDemo">
    <skipped/>
  </testcase> <!-- test3 -->
  <testcase name="test1" time="0.000" classname="demo.TestNGDependencyDemo">
    <skipped/>
  </testcase> <!-- test1 -->
  <testcase name="test2" time="0.000" classname="demo.TestNGDependencyDemo">
    <skipped/>
  </testcase> <!-- test2 -->
</testsuite> <!-- demo.TestNGDependencyDemo -->
