<?xml version="1.0" encoding="UTF-8"?>
<!-- Generated by org.testng.reporters.JUnitReportReporter -->
<testsuite skipped="3" hostname="DESKTOP-DHUQFVO" name="demo.TestNGPriorityDemo" tests="3" failures="0" timestamp="18 Feb 2020 20:08:53 GMT" time="0.000" errors="0">
  <testcase name="one" time="0.000" classname="demo.TestNGPriorityDemo">
    <skipped/>
  </testcase> <!-- one -->
  <testcase name="three" time="0.000" classname="demo.TestNGPriorityDemo">
    <skipped/>
  </testcase> <!-- three -->
  <testcase name="two" time="0.000" classname="demo.TestNGPriorityDemo">
    <skipped/>
  </testcase> <!-- two -->
</testsuite> <!-- demo.TestNGPriorityDemo -->
